<html>
<head>
<title>TestNG:  compbio.conservation.CorrelationTester</title>
<link href="../testng.css" rel="stylesheet" type="text/css" />
<link href="../my-testng.css" rel="stylesheet" type="text/css" />

<style type="text/css">
.log { display: none;} 
.stack-trace { display: none;} 
</style>
<script type="text/javascript">
<!--
function flip(e) {
  current = e.style.display;
  if (current == 'block') {
    e.style.display = 'none';
    return 0;
  }
  else {
    e.style.display = 'block';
    return 1;
  }
}

function toggleBox(szDivId, elem, msg1, msg2)
{
  var res = -1;  if (document.getElementById) {
    res = flip(document.getElementById(szDivId));
  }
  else if (document.all) {
    // this is the way old msie versions work
    res = flip(document.all[szDivId]);
  }
  if(elem) {
    if(res == 0) elem.innerHTML = msg1; else elem.innerHTML = msg2;
  }

}

function toggleAllBoxes() {
  if (document.getElementsByTagName) {
    d = document.getElementsByTagName('div');
    for (i = 0; i < d.length; i++) {
      if (d[i].className == 'log') {
        flip(d[i]);
      }
    }
  }
}

// -->
</script>

</head>
<body>
<h2 align='center'>compbio.conservation.CorrelationTester</h2><table border='1' align="center">
<tr>
<td>Tests passed/Failed/Skipped:</td><td>4/0/0</td>
</tr><tr>
<td>Started on:</td><td>Fri Dec 03 14:14:16 GMT 2010</td>
</tr>
<tr><td>Total time:</td><td>0 seconds (32 ms)</td>
</tr><tr>
<td>Included groups:</td><td></td>
</tr><tr>
<td>Excluded groups:</td><td></td>
</tr>
</table><p/>
<small><i>(Hover the method name to see the test class name)</i></small><p/>
<table width='100%' border='1' class='invocation-passed'>
<tr><td colspan='4' align='center'><b>PASSED TESTS</b></td></tr>
<tr><td><b>Test method</b></td>
<td width="30%"><b>Exception</b></td>
<td width="10%"><b>Time (seconds)</b></td>
<td><b>Instance</b></td>
</tr>
<tr>
<td title='compbio.conservation.CorrelationTester.gapColumnTester()'><b>gapColumnTester</b><br>Test class: compbio.conservation.CorrelationTester</td>
<td></td>
<td>0</td>
<td>compbio.conservation.CorrelationTester@a9c09e</td></tr>
<tr>
<td title='compbio.conservation.CorrelationTester.gapColumnTesterIllegal()'><b>gapColumnTesterIllegal</b><br>Test class: compbio.conservation.CorrelationTester</td>
<td><div><pre>java.lang.IllegalArgumentException: Input has badly aligned sequences with columns containing nothing but the gaps. Conservation methods cannot be calculated for such an alignment ! 
Gap characters are : [ , *, -, .]
	at compbio.conservation.AminoAcidMatrix.gapOnlyColumnCheck(AminoAcidMatrix.java:357)
	at compbio.conservation.CorrelationTester.gapColumnTesterIllegal(CorrelationTester.java:53)
	at sun.reflect.NativeMethodAccessorImpl.invoke0(Native Method)
	at sun.reflect.NativeMethodAccessorImpl.invoke(NativeMethodAccessorImpl.java:39)
	at sun.reflect.DelegatingMethodAccessorImpl.invoke(DelegatingMethodAccessorImpl.java:25)
	at java.lang.reflect.Method.invoke(Method.java:597)
	at org.testng.internal.MethodHelper.invokeMethod(MethodHelper.java:640)
	at org.testng.internal.Invoker.invokeMethod(Invoker.java:627)
	at org.testng.internal.Invoker.invokeTestMethod(Invoker.java:799)
	at org.testng.internal.Invoker.invokeTestMethods(Invoker.java:1103)
	at org.testng.internal.TestMethodWorker.invokeTestMethods(TestMethodWorker.java:137)
	at org.testng.internal.TestMethodWorker.run(TestMethodWorker.java:121)
	at org.testng.TestRunner.runWorkers(TestRunner.java:1098)
	at org.testng.TestRunner.privateRun(TestRunner.java:727)
	at org.testng.TestRunner.run(TestRunner.java:581)
	at org.testng.SuiteRunner.runTest(SuiteRunner.java:315)
	at org.testng.SuiteRunner.runSequentially(SuiteRunner.java:310)
	at org.testng.SuiteRunner.privateRun(SuiteRunner.java:272)
	at org.testng.SuiteRunner.run(SuiteRunner.java:221)
	at org.testng.SuiteRunnerWorker.runSuite(SuiteRunnerWorker.java:40)
	at org.testng.SuiteRunnerWorker.run(SuiteRunnerWorker.java:83)
	at org.testng.internal.thread.ThreadUtil$CountDownLatchedRunnable.run(ThreadUtil.java:151)
	at java.util.concurrent.ThreadPoolExecutor$Worker.runTask(ThreadPoolExecutor.java:886)
	at java.util.concurrent.ThreadPoolExecutor$Worker.run(ThreadPoolExecutor.java:908)
	at java.lang.Thread.run(Thread.java:619)
</pre></div><a href='#' onClick='toggleBox("stack-trace14440411", this, "Click to show all stack frames", "Click to hide stack frames")'>Click to show all stack frames</a>
<div class='stack-trace' id='stack-trace14440411'><pre>java.lang.IllegalArgumentException: Input has badly aligned sequences with columns containing nothing but the gaps. Conservation methods cannot be calculated for such an alignment ! 
Gap characters are : [ , *, -, .]
	at compbio.conservation.AminoAcidMatrix.gapOnlyColumnCheck(AminoAcidMatrix.java:357)
	at compbio.conservation.CorrelationTester.gapColumnTesterIllegal(CorrelationTester.java:53)
	at sun.reflect.NativeMethodAccessorImpl.invoke0(Native Method)
	at sun.reflect.NativeMethodAccessorImpl.invoke(NativeMethodAccessorImpl.java:39)
	at sun.reflect.DelegatingMethodAccessorImpl.invoke(DelegatingMethodAccessorImpl.java:25)
	at java.lang.reflect.Method.invoke(Method.java:597)
	at org.testng.internal.MethodHelper.invokeMethod(MethodHelper.java:640)
	at org.testng.internal.Invoker.invokeMethod(Invoker.java:627)
	at org.testng.internal.Invoker.invokeTestMethod(Invoker.java:799)
	at org.testng.internal.Invoker.invokeTestMethods(Invoker.java:1103)
	at org.testng.internal.TestMethodWorker.invokeTestMethods(TestMethodWorker.java:137)
	at org.testng.internal.TestMethodWorker.run(TestMethodWorker.java:121)
	at org.testng.TestRunner.runWorkers(TestRunner.java:1098)
	at org.testng.TestRunner.privateRun(TestRunner.java:727)
	at org.testng.TestRunner.run(TestRunner.java:581)
	at org.testng.SuiteRunner.runTest(SuiteRunner.java:315)
	at org.testng.SuiteRunner.runSequentially(SuiteRunner.java:310)
	at org.testng.SuiteRunner.privateRun(SuiteRunner.java:272)
	at org.testng.SuiteRunner.run(SuiteRunner.java:221)
	at org.testng.SuiteRunnerWorker.runSuite(SuiteRunnerWorker.java:40)
	at org.testng.SuiteRunnerWorker.run(SuiteRunnerWorker.java:83)
	at org.testng.internal.thread.ThreadUtil$CountDownLatchedRunnable.run(ThreadUtil.java:151)
	at java.util.concurrent.ThreadPoolExecutor$Worker.runTask(ThreadPoolExecutor.java:886)
	at java.util.concurrent.ThreadPoolExecutor$Worker.run(ThreadPoolExecutor.java:908)
	at java.lang.Thread.run(Thread.java:619)
</pre></div></td>
<td>0</td>
<td>compbio.conservation.CorrelationTester@a9c09e</td></tr>
<tr>
<td title='compbio.conservation.CorrelationTester.gapColumnTesterIllegal2()'><b>gapColumnTesterIllegal2</b><br>Test class: compbio.conservation.CorrelationTester</td>
<td><div><pre>java.lang.IllegalArgumentException: Input has badly aligned sequences with columns containing nothing but the gaps. Conservation methods cannot be calculated for such an alignment ! 
Gap characters are : [ ,  ,  , -]
	at compbio.conservation.AminoAcidMatrix.gapOnlyColumnCheck(AminoAcidMatrix.java:357)
	at compbio.conservation.CorrelationTester.gapColumnTesterIllegal2(CorrelationTester.java:60)
	at sun.reflect.NativeMethodAccessorImpl.invoke0(Native Method)
	at sun.reflect.NativeMethodAccessorImpl.invoke(NativeMethodAccessorImpl.java:39)
	at sun.reflect.DelegatingMethodAccessorImpl.invoke(DelegatingMethodAccessorImpl.java:25)
	at java.lang.reflect.Method.invoke(Method.java:597)
	at org.testng.internal.MethodHelper.invokeMethod(MethodHelper.java:640)
	at org.testng.internal.Invoker.invokeMethod(Invoker.java:627)
	at org.testng.internal.Invoker.invokeTestMethod(Invoker.java:799)
	at org.testng.internal.Invoker.invokeTestMethods(Invoker.java:1103)
	at org.testng.internal.TestMethodWorker.invokeTestMethods(TestMethodWorker.java:137)
	at org.testng.internal.TestMethodWorker.run(TestMethodWorker.java:121)
	at org.testng.TestRunner.runWorkers(TestRunner.java:1098)
	at org.testng.TestRunner.privateRun(TestRunner.java:727)
	at org.testng.TestRunner.run(TestRunner.java:581)
	at org.testng.SuiteRunner.runTest(SuiteRunner.java:315)
	at org.testng.SuiteRunner.runSequentially(SuiteRunner.java:310)
	at org.testng.SuiteRunner.privateRun(SuiteRunner.java:272)
	at org.testng.SuiteRunner.run(SuiteRunner.java:221)
	at org.testng.SuiteRunnerWorker.runSuite(SuiteRunnerWorker.java:40)
	at org.testng.SuiteRunnerWorker.run(SuiteRunnerWorker.java:83)
	at org.testng.internal.thread.ThreadUtil$CountDownLatchedRunnable.run(ThreadUtil.java:151)
	at java.util.concurrent.ThreadPoolExecutor$Worker.runTask(ThreadPoolExecutor.java:886)
	at java.util.concurrent.ThreadPoolExecutor$Worker.run(ThreadPoolExecutor.java:908)
	at java.lang.Thread.run(Thread.java:619)
</pre></div><a href='#' onClick='toggleBox("stack-trace795840", this, "Click to show all stack frames", "Click to hide stack frames")'>Click to show all stack frames</a>
<div class='stack-trace' id='stack-trace795840'><pre>java.lang.IllegalArgumentException: Input has badly aligned sequences with columns containing nothing but the gaps. Conservation methods cannot be calculated for such an alignment ! 
Gap characters are : [ ,  ,  , -]
	at compbio.conservation.AminoAcidMatrix.gapOnlyColumnCheck(AminoAcidMatrix.java:357)
	at compbio.conservation.CorrelationTester.gapColumnTesterIllegal2(CorrelationTester.java:60)
	at sun.reflect.NativeMethodAccessorImpl.invoke0(Native Method)
	at sun.reflect.NativeMethodAccessorImpl.invoke(NativeMethodAccessorImpl.java:39)
	at sun.reflect.DelegatingMethodAccessorImpl.invoke(DelegatingMethodAccessorImpl.java:25)
	at java.lang.reflect.Method.invoke(Method.java:597)
	at org.testng.internal.MethodHelper.invokeMethod(MethodHelper.java:640)
	at org.testng.internal.Invoker.invokeMethod(Invoker.java:627)
	at org.testng.internal.Invoker.invokeTestMethod(Invoker.java:799)
	at org.testng.internal.Invoker.invokeTestMethods(Invoker.java:1103)
	at org.testng.internal.TestMethodWorker.invokeTestMethods(TestMethodWorker.java:137)
	at org.testng.internal.TestMethodWorker.run(TestMethodWorker.java:121)
	at org.testng.TestRunner.runWorkers(TestRunner.java:1098)
	at org.testng.TestRunner.privateRun(TestRunner.java:727)
	at org.testng.TestRunner.run(TestRunner.java:581)
	at org.testng.SuiteRunner.runTest(SuiteRunner.java:315)
	at org.testng.SuiteRunner.runSequentially(SuiteRunner.java:310)
	at org.testng.SuiteRunner.privateRun(SuiteRunner.java:272)
	at org.testng.SuiteRunner.run(SuiteRunner.java:221)
	at org.testng.SuiteRunnerWorker.runSuite(SuiteRunnerWorker.java:40)
	at org.testng.SuiteRunnerWorker.run(SuiteRunnerWorker.java:83)
	at org.testng.internal.thread.ThreadUtil$CountDownLatchedRunnable.run(ThreadUtil.java:151)
	at java.util.concurrent.ThreadPoolExecutor$Worker.runTask(ThreadPoolExecutor.java:886)
	at java.util.concurrent.ThreadPoolExecutor$Worker.run(ThreadPoolExecutor.java:908)
	at java.lang.Thread.run(Thread.java:619)
</pre></div></td>
<td>0</td>
<td>compbio.conservation.CorrelationTester@a9c09e</td></tr>
<tr>
<td title='compbio.conservation.CorrelationTester.gapColumnTesterIllegal3()'><b>gapColumnTesterIllegal3</b><br>Test class: compbio.conservation.CorrelationTester</td>
<td></td>
<td>0</td>
<td>compbio.conservation.CorrelationTester@a9c09e</td></tr>
</table><p>
</body>
</html>